# JRE version: Java(TM) SE Runtime Environment (17.0.14+8) (build 17.0.14+8-LTS-191)
# Java VM: Java HotSpot(TM) 64-Bit Server VM (17.0.14+8-LTS-191, mixed mode, sharing, tiered, compressed oops, compressed class ptrs, g1 gc, windows-amd64)
GC Precious Log:
 CPUs: 8 total, 8 available
 Memory: 16382M
 Large Page Support: Disabled
 NUMA Support: Disabled
 Compressed Oops: Enabled (Zero based)
 Heap Region Size: 2M
 Heap Min Capacity: 8M
 Heap Initial Capacity: 256M
 Heap Max Capacity: 4G
 Pre-touch: Disabled
 Parallel Workers: 8
 Concurrent Workers: 2
 Concurrent Refinement Workers: 8
 Periodic GC: Disabled
Heap:
 garbage-first heap   total 124928K, used 68799K [0x0000000700000000, 0x0000000800000000)
  region size 2048K, 20 young (40960K), 2 survivors (4096K)
 Metaspace       used 81353K, committed 81856K, reserved 1179648K
  class space    used 10877K, committed 11136K, reserved 1048576K
GC Heap History (20 events):
Event: 5.049 GC heap before
{Heap before GC invocations=8 (full 0):
 garbage-first heap   total 104448K, used 27509K [0x0000000700000000, 0x0000000800000000)
  region size 2048K, 7 young (14336K), 2 survivors (4096K)
 Metaspace       used 35860K, committed 36160K, reserved 1114112K
  class space    used 4392K, committed 4544K, reserved 1048576K
}
Event: 5.060 GC heap after
{Heap after GC invocations=9 (full 0):
 garbage-first heap   total 104448K, used 19984K [0x0000000700000000, 0x0000000800000000)
  region size 2048K, 2 young (4096K), 2 survivors (4096K)
 Metaspace       used 35860K, committed 36160K, reserved 1114112K
  class space    used 4392K, committed 4544K, reserved 1048576K
}
Event: 6.459 GC heap before
{Heap before GC invocations=10 (full 0):
 garbage-first heap   total 75776K, used 60944K [0x0000000700000000, 0x0000000800000000)
  region size 2048K, 22 young (45056K), 2 survivors (4096K)
 Metaspace       used 42520K, committed 42944K, reserved 1114112K
  class space    used 5277K, committed 5504K, reserved 1048576K
}
Event: 6.479 GC heap after
{Heap after GC invocations=11 (full 0):
 garbage-first heap   total 75776K, used 23017K [0x0000000700000000, 0x0000000800000000)
  region size 2048K, 3 young (6144K), 3 survivors (6144K)
 Metaspace       used 42520K, committed 42944K, reserved 1114112K
  class space    used 5277K, committed 5504K, reserved 1048576K
}
Event: 6.537 GC heap before
{Heap before GC invocations=11 (full 0):
 garbage-first heap   total 75776K, used 25065K [0x0000000700000000, 0x0000000800000000)
  region size 2048K, 4 young (8192K), 3 survivors (6144K)
 Metaspace       used 42990K, committed 43392K, reserved 1114112K
  class space    used 5324K, committed 5504K, reserved 1048576K
}
Event: 6.551 GC heap after
{Heap after GC invocations=12 (full 0):
 garbage-first heap   total 75776K, used 23105K [0x0000000700000000, 0x0000000800000000)
  region size 2048K, 1 young (2048K), 1 survivors (2048K)
 Metaspace       used 42990K, committed 43392K, reserved 1114112K
  class space    used 5324K, committed 5504K, reserved 1048576K
}
Event: 7.617 GC heap before
{Heap before GC invocations=12 (full 0):
 garbage-first heap   total 75776K, used 55873K [0x0000000700000000, 0x0000000800000000)
  region size 2048K, 17 young (34816K), 1 survivors (2048K)
 Metaspace       used 49962K, committed 50368K, reserved 1114112K
  class space    used 6355K, committed 6528K, reserved 1048576K
}
Event: 7.625 GC heap after
{Heap after GC invocations=13 (full 0):
 garbage-first heap   total 75776K, used 24128K [0x0000000700000000, 0x0000000800000000)
  region size 2048K, 1 young (2048K), 1 survivors (2048K)
 Metaspace       used 49962K, committed 50368K, reserved 1114112K
  class space    used 6355K, committed 6528K, reserved 1048576K
}
Event: 8.467 GC heap before
{Heap before GC invocations=13 (full 0):
 garbage-first heap   total 75776K, used 54848K [0x0000000700000000, 0x0000000800000000)
  region size 2048K, 17 young (34816K), 1 survivors (2048K)
 Metaspace       used 55810K, committed 56256K, reserved 1114112K
  class space    used 7108K, committed 7296K, reserved 1048576K
}
Event: 8.475 GC heap after
{Heap after GC invocations=14 (full 0):
 garbage-first heap   total 75776K, used 25385K [0x0000000700000000, 0x0000000800000000)
  region size 2048K, 2 young (4096K), 2 survivors (4096K)
 Metaspace       used 55810K, committed 56256K, reserved 1114112K
  class space    used 7108K, committed 7296K, reserved 1048576K
}
Event: 8.904 GC heap before
{Heap before GC invocations=14 (full 0):
 garbage-first heap   total 75776K, used 39721K [0x0000000700000000, 0x0000000800000000)
  region size 2048K, 10 young (20480K), 2 survivors (4096K)
 Metaspace       used 60025K, committed 60416K, reserved 1114112K
  class space    used 7742K, committed 7936K, reserved 1048576K
}
Event: 8.913 GC heap after
{Heap after GC invocations=15 (full 0):
 garbage-first heap   total 75776K, used 26089K [0x0000000700000000, 0x0000000800000000)
  region size 2048K, 2 young (4096K), 2 survivors (4096K)
 Metaspace       used 60025K, committed 60416K, reserved 1114112K
  class space    used 7742K, committed 7936K, reserved 1048576K
}
Event: 9.697 GC heap before
{Heap before GC invocations=16 (full 0):
 garbage-first heap   total 75776K, used 58857K [0x0000000700000000, 0x0000000800000000)
  region size 2048K, 18 young (36864K), 2 survivors (4096K)
 Metaspace       used 65469K, committed 65920K, reserved 1114112K
  class space    used 8695K, committed 8896K, reserved 1048576K
}
Event: 9.709 GC heap after
{Heap after GC invocations=17 (full 0):
 garbage-first heap   total 75776K, used 27139K [0x0000000700000000, 0x0000000800000000)
  region size 2048K, 2 young (4096K), 2 survivors (4096K)
 Metaspace       used 65469K, committed 65920K, reserved 1114112K
  class space    used 8695K, committed 8896K, reserved 1048576K
}
Event: 10.569 GC heap before
{Heap before GC invocations=17 (full 0):
 garbage-first heap   total 75776K, used 59907K [0x0000000700000000, 0x0000000800000000)
  region size 2048K, 18 young (36864K), 2 survivors (4096K)
 Metaspace       used 69465K, committed 70016K, reserved 1114112K
  class space    used 9261K, committed 9536K, reserved 1048576K
}
Event: 10.575 GC heap after
{Heap after GC invocations=18 (full 0):
 garbage-first heap   total 75776K, used 29477K [0x0000000700000000, 0x0000000800000000)
  region size 2048K, 3 young (6144K), 3 survivors (6144K)
 Metaspace       used 69465K, committed 70016K, reserved 1114112K
  class space    used 9261K, committed 9536K, reserved 1048576K
}
Event: 11.308 GC heap before
{Heap before GC invocations=18 (full 0):
 garbage-first heap   total 75776K, used 58149K [0x0000000700000000, 0x0000000800000000)
  region size 2048K, 17 young (34816K), 3 survivors (6144K)
 Metaspace       used 72753K, committed 73280K, reserved 1114112K
  class space    used 9703K, committed 9984K, reserved 1048576K
}
Event: 11.316 GC heap after
{Heap after GC invocations=19 (full 0):
 garbage-first heap   total 75776K, used 31770K [0x0000000700000000, 0x0000000800000000)
  region size 2048K, 3 young (6144K), 3 survivors (6144K)
 Metaspace       used 72753K, committed 73280K, reserved 1114112K
  class space    used 9703K, committed 9984K, reserved 1048576K
}
Event: 12.118 GC heap before
{Heap before GC invocations=19 (full 0):
 garbage-first heap   total 75776K, used 58394K [0x0000000700000000, 0x0000000800000000)
  region size 2048K, 16 young (32768K), 3 survivors (6144K)
 Metaspace       used 77307K, committed 77824K, reserved 1179648K
  class space    used 10320K, committed 10560K, reserved 1048576K
}
Event: 12.125 GC heap after
{Heap after GC invocations=20 (full 0):
 garbage-first heap   total 124928K, used 33983K [0x0000000700000000, 0x0000000800000000)
  region size 2048K, 2 young (4096K), 2 survivors (4096K)
 Metaspace       used 77307K, committed 77824K, reserved 1179648K
  class space    used 10320K, committed 10560K, reserved 1048576K
}

