# JRE version: Java(TM) SE Runtime Environment (17.0.14+8) (build 17.0.14+8-LTS-191)
# Java VM: Java HotSpot(TM) 64-Bit Server VM (17.0.14+8-LTS-191, mixed mode, sharing, tiered, compressed oops, compressed class ptrs, g1 gc, windows-amd64)
GC Precious Log:
 CPUs: 8 total, 8 available
 Memory: 16382M
 Large Page Support: Disabled
 NUMA Support: Disabled
 Compressed Oops: Enabled (Zero based)
 Heap Region Size: 2M
 Heap Min Capacity: 8M
 Heap Initial Capacity: 256M
 Heap Max Capacity: 4G
 Pre-touch: Disabled
 Parallel Workers: 8
 Concurrent Workers: 2
 Concurrent Refinement Workers: 8
 Periodic GC: Disabled
Heap:
 garbage-first heap   total 102400K, used 36469K [0x0000000700000000, 0x0000000800000000)
  region size 2048K, 3 young (6144K), 2 survivors (4096K)
 Metaspace       used 81366K, committed 81920K, reserved 1179648K
  class space    used 10883K, committed 11136K, reserved 1048576K
GC Heap History (20 events):
Event: 4.607 GC heap before
{Heap before GC invocations=7 (full 0):
 garbage-first heap   total 69632K, used 44202K [0x0000000700000000, 0x0000000800000000)
  region size 2048K, 15 young (30720K), 1 survivors (2048K)
 Metaspace       used 34021K, committed 34304K, reserved 1114112K
  class space    used 4154K, committed 4288K, reserved 1048576K
}
Event: 4.615 GC heap after
{Heap after GC invocations=8 (full 0):
 garbage-first heap   total 69632K, used 19186K [0x0000000700000000, 0x0000000800000000)
  region size 2048K, 2 young (4096K), 2 survivors (4096K)
 Metaspace       used 34021K, committed 34304K, reserved 1114112K
  class space    used 4154K, committed 4288K, reserved 1048576K
}
Event: 4.927 GC heap before
{Heap before GC invocations=8 (full 0):
 garbage-first heap   total 69632K, used 29426K [0x0000000700000000, 0x0000000800000000)
  region size 2048K, 8 young (16384K), 2 survivors (4096K)
 Metaspace       used 35846K, committed 36160K, reserved 1114112K
  class space    used 4392K, committed 4544K, reserved 1048576K
}
Event: 4.939 GC heap after
{Heap after GC invocations=9 (full 0):
 garbage-first heap   total 69632K, used 20058K [0x0000000700000000, 0x0000000800000000)
  region size 2048K, 2 young (4096K), 2 survivors (4096K)
 Metaspace       used 35846K, committed 36160K, reserved 1114112K
  class space    used 4392K, committed 4544K, reserved 1048576K
}
Event: 6.060 GC heap before
{Heap before GC invocations=10 (full 0):
 garbage-first heap   total 69632K, used 46682K [0x0000000700000000, 0x0000000800000000)
  region size 2048K, 16 young (32768K), 2 survivors (4096K)
 Metaspace       used 41170K, committed 41600K, reserved 1114112K
  class space    used 5102K, committed 5312K, reserved 1048576K
}
Event: 6.073 GC heap after
{Heap after GC invocations=11 (full 0):
 garbage-first heap   total 69632K, used 22664K [0x0000000700000000, 0x0000000800000000)
  region size 2048K, 2 young (4096K), 2 survivors (4096K)
 Metaspace       used 41170K, committed 41600K, reserved 1114112K
  class space    used 5102K, committed 5312K, reserved 1048576K
}
Event: 6.155 GC heap before
{Heap before GC invocations=11 (full 0):
 garbage-first heap   total 69632K, used 24712K [0x0000000700000000, 0x0000000800000000)
  region size 2048K, 3 young (6144K), 2 survivors (4096K)
 Metaspace       used 41489K, committed 41984K, reserved 1114112K
  class space    used 5149K, committed 5376K, reserved 1048576K
}
Event: 6.167 GC heap after
{Heap after GC invocations=12 (full 0):
 garbage-first heap   total 102400K, used 22509K [0x0000000700000000, 0x0000000800000000)
  region size 2048K, 1 young (2048K), 1 survivors (2048K)
 Metaspace       used 41489K, committed 41984K, reserved 1114112K
  class space    used 5149K, committed 5376K, reserved 1048576K
}
Event: 7.783 GC heap before
{Heap before GC invocations=12 (full 0):
 garbage-first heap   total 102400K, used 71661K [0x0000000700000000, 0x0000000800000000)
  region size 2048K, 26 young (53248K), 1 survivors (2048K)
 Metaspace       used 51675K, committed 52160K, reserved 1114112K
  class space    used 6577K, committed 6784K, reserved 1048576K
}
Event: 7.797 GC heap after
{Heap after GC invocations=13 (full 0):
 garbage-first heap   total 102400K, used 24704K [0x0000000700000000, 0x0000000800000000)
  region size 2048K, 2 young (4096K), 2 survivors (4096K)
 Metaspace       used 51675K, committed 52160K, reserved 1114112K
  class space    used 6577K, committed 6784K, reserved 1048576K
}
Event: 9.075 GC heap before
{Heap before GC invocations=13 (full 0):
 garbage-first heap   total 102400K, used 63616K [0x0000000700000000, 0x0000000800000000)
  region size 2048K, 22 young (45056K), 2 survivors (4096K)
 Metaspace       used 60027K, committed 60416K, reserved 1114112K
  class space    used 7742K, committed 7936K, reserved 1048576K
}
Event: 9.085 GC heap after
{Heap after GC invocations=14 (full 0):
 garbage-first heap   total 102400K, used 26436K [0x0000000700000000, 0x0000000800000000)
  region size 2048K, 3 young (6144K), 3 survivors (6144K)
 Metaspace       used 60027K, committed 60416K, reserved 1114112K
  class space    used 7742K, committed 7936K, reserved 1048576K
}
Event: 10.908 GC heap before
{Heap before GC invocations=15 (full 0):
 garbage-first heap   total 102400K, used 77636K [0x0000000700000000, 0x0000000800000000)
  region size 2048K, 28 young (57344K), 3 survivors (6144K)
 Metaspace       used 67677K, committed 68224K, reserved 1114112K
  class space    used 8999K, committed 9280K, reserved 1048576K
}
Event: 10.925 GC heap after
{Heap after GC invocations=16 (full 0):
 garbage-first heap   total 102400K, used 28646K [0x0000000700000000, 0x0000000800000000)
  region size 2048K, 2 young (4096K), 2 survivors (4096K)
 Metaspace       used 67677K, committed 68224K, reserved 1114112K
  class space    used 8999K, committed 9280K, reserved 1048576K
}
Event: 11.015 GC heap before
{Heap before GC invocations=16 (full 0):
 garbage-first heap   total 102400K, used 30694K [0x0000000700000000, 0x0000000800000000)
  region size 2048K, 3 young (6144K), 2 survivors (4096K)
 Metaspace       used 68274K, committed 68800K, reserved 1114112K
  class space    used 9085K, committed 9344K, reserved 1048576K
}
Event: 11.029 GC heap after
{Heap after GC invocations=17 (full 0):
 garbage-first heap   total 102400K, used 29042K [0x0000000700000000, 0x0000000800000000)
  region size 2048K, 1 young (2048K), 1 survivors (2048K)
 Metaspace       used 68274K, committed 68800K, reserved 1114112K
  class space    used 9085K, committed 9344K, reserved 1048576K
}
Event: 12.527 GC heap before
{Heap before GC invocations=17 (full 0):
 garbage-first heap   total 102400K, used 80242K [0x0000000700000000, 0x0000000800000000)
  region size 2048K, 26 young (53248K), 1 survivors (2048K)
 Metaspace       used 73970K, committed 74432K, reserved 1114112K
  class space    used 9892K, committed 10112K, reserved 1048576K
}
Event: 12.534 GC heap after
{Heap after GC invocations=18 (full 0):
 garbage-first heap   total 102400K, used 32783K [0x0000000700000000, 0x0000000800000000)
  region size 2048K, 3 young (6144K), 3 survivors (6144K)
 Metaspace       used 73970K, committed 74432K, reserved 1114112K
  class space    used 9892K, committed 10112K, reserved 1048576K
}
Event: 13.671 GC heap before
{Heap before GC invocations=18 (full 0):
 garbage-first heap   total 102400K, used 79887K [0x0000000700000000, 0x0000000800000000)
  region size 2048K, 26 young (53248K), 3 survivors (6144K)
 Metaspace       used 81080K, committed 81600K, reserved 1179648K
  class space    used 10846K, committed 11072K, reserved 1048576K
}
Event: 13.679 GC heap after
{Heap after GC invocations=19 (full 0):
 garbage-first heap   total 102400K, used 36469K [0x0000000700000000, 0x0000000800000000)
  region size 2048K, 2 young (4096K), 2 survivors (4096K)
 Metaspace       used 81080K, committed 81600K, reserved 1179648K
  class space    used 10846K, committed 11072K, reserved 1048576K
}

